<?xml version="1.0" encoding="UTF-8"?>
<!-- Generated by org.testng.reporters.JUnitXMLReporter -->
<testsuite ignored="0" hostname="DESKTOP-KBFMQK6" failures="0" tests="3" name="Test" time="24.444" errors="0" timestamp="2021-05-09T08:40:09 IST">
  <testcase classname="testNGframework.SwagLab" name="a_openBrowser" time="17.516"/>
  <testcase classname="testNGframework.SwagLab" name="b_Login" time="2.777"/>
  <testcase classname="testNGframework.SwagLab" name="c_Logout" time="4.115"/>
</testsuite> <!-- Test -->
