<?xml version="1.0" encoding="UTF-8"?>
<testng-results ignored="0" total="2" passed="2" failed="0" skipped="0">
  <reporter-output>
  </reporter-output>
  <suite started-at="2021-05-14T21:29:38 IST" name="Default suite" finished-at="2021-05-14T21:29:51 IST" duration-ms="12732">
    <groups>
    </groups>
    <test started-at="2021-05-14T21:29:38 IST" name="Default test" finished-at="2021-05-14T21:29:51 IST" duration-ms="12732">
      <class name="testNGframework.SwagLab">
        <test-method is-config="true" signature="a_openBrowser()[pri:0, instance:testNGframework.SwagLab@2805c96b]" started-at="2021-05-14T21:29:22 IST" name="a_openBrowser" finished-at="2021-05-14T21:29:38 IST" duration-ms="15732" status="PASS">
          <reporter-output>
          </reporter-output>
        </test-method> <!-- a_openBrowser -->
        <test-method signature="b_agilsys()[pri:0, instance:testNGframework.SwagLab@2805c96b]" started-at="2021-05-14T21:29:38 IST" name="b_agilsys" finished-at="2021-05-14T21:29:41 IST" duration-ms="3087" status="PASS">
          <reporter-output>
          </reporter-output>
        </test-method> <!-- b_agilsys -->
        <test-method signature="c_agilsysFirstlink()[pri:0, instance:testNGframework.SwagLab@2805c96b]" started-at="2021-05-14T21:29:41 IST" name="c_agilsysFirstlink" finished-at="2021-05-14T21:29:51 IST" depends-on-methods="testNGframework.SwagLab.b_agilsys" duration-ms="9601" status="PASS">
          <reporter-output>
          </reporter-output>
        </test-method> <!-- c_agilsysFirstlink -->
        <test-method is-config="true" signature="close()[pri:0, instance:testNGframework.SwagLab@2805c96b]" started-at="2021-05-14T21:29:51 IST" name="close" finished-at="2021-05-14T21:29:56 IST" duration-ms="4301" status="PASS">
          <reporter-output>
          </reporter-output>
        </test-method> <!-- close -->
      </class> <!-- testNGframework.SwagLab -->
    </test> <!-- Default test -->
  </suite> <!-- Default suite -->
</testng-results>
