<?xml version="1.0" encoding="UTF-8"?>
<!-- Generated by org.testng.reporters.JUnitXMLReporter -->
<testsuite ignored="3" hostname="DESKTOP-KBFMQK6" failures="0" tests="3" name="Grouping_F" time="0.079" errors="0" timestamp="2021-05-04T09:32:58 IST">
  <testcase classname="testNGframework.Grouping" name="f1" time="0.008"/>
  <testcase classname="testNGframework.Grouping" name="f3" time="0.001"/>
  <testcase classname="testNGframework.Grouping" name="f5" time="0.001"/>
  <testcase classname="testNGframework.Grouping" name="f6" time="0.0">
    <ignored/>
  </testcase> <!-- f6 -->
  <testcase classname="testNGframework.Grouping" name="f4" time="0.0">
    <ignored/>
  </testcase> <!-- f4 -->
  <testcase classname="testNGframework.Grouping" name="f2" time="0.0">
    <ignored/>
  </testcase> <!-- f2 -->
</testsuite> <!-- Grouping_F -->
