<?xml version="1.0" encoding="UTF-8"?>
<!-- Generated by org.testng.reporters.JUnitXMLReporter -->
<testsuite ignored="0" hostname="DESKTOP-KBFMQK6" failures="0" tests="3" name="SwagLab_login_logout" time="23.231" errors="0" timestamp="2021-05-09T08:41:42 IST">
  <testcase classname="testNGframework.SwagLab" name="a_openBrowser" time="15.214"/>
  <testcase classname="testNGframework.SwagLab" name="b_Login" time="3.885"/>
  <testcase classname="testNGframework.SwagLab" name="c_Logout" time="4.104"/>
</testsuite> <!-- SwagLab_login_logout -->
