<?xml version="1.0" encoding="UTF-8"?>
<!-- Generated by org.testng.reporters.JUnitXMLReporter -->
<testsuite ignored="0" hostname="DESKTOP-KBFMQK6" failures="0" tests="6" name="YourLogo_Reg_logout_Login" time="91.705" errors="0" timestamp="2021-05-04T08:39:43 IST">
  <testcase classname="testNGframework.YourLogoForTestNG" name="pageload" time="27.798"/>
  <testcase classname="testNGframework.YourLogoForTestNG" name="registration" time="17.861"/>
  <testcase classname="testNGframework.YourLogoForTestNG" name="personInformation" time="34.234"/>
  <testcase classname="testNGframework.YourLogoForTestNG" name="information" time="5.994"/>
  <testcase classname="testNGframework.YourLogoForTestNG" name="signout" time="3.46"/>
  <testcase classname="testNGframework.YourLogoForTestNG" name="signin" time="2.264"/>
</testsuite> <!-- YourLogo_Reg_logout_Login -->
